<?xml version="1.0" encoding="UTF-8"?>
<!-- Generated by org.testng.reporters.JUnitReportReporter -->
<testsuite hostname="LAPTOP-4D2RRNG8" failures="0" tests="1" name="testCases.LoginTestCase" time="59.471" errors="0" timestamp="2021-12-31T16:57:05 IST" skipped="0">
  <testcase classname="testCases.LoginTestCase" name="loginTest" time="59.471"/>
  <system-out/>
</testsuite> <!-- testCases.LoginTestCase -->
