<?xml version="1.0" encoding="UTF-8"?>
<!-- Generated by org.testng.reporters.JUnitReportReporter -->
<testsuite hostname="LAPTOP-4D2RRNG8" failures="0" tests="1" name="com.Adact_In.Login" time="45.555" errors="0" timestamp="2022-01-18T16:34:06 IST" skipped="0">
  <testcase classname="com.Adact_In.Login" name="logIn" time="45.555"/>
  <system-out/>
</testsuite> <!-- com.Adact_In.Login -->
