<?xml version="1.0" encoding="UTF-8"?>
<!-- Generated by org.testng.reporters.JUnitReportReporter -->
<testsuite hostname="LAPTOP-4D2RRNG8" failures="0" tests="4" name="loginTc_Jxl.Login_Jxl" time="70.279" errors="0" timestamp="2022-01-20T16:36:29 IST" skipped="0">
  <testcase classname="loginTc_Jxl.Login_Jxl" name="loginCredential" time="13.707"/>
  <system-out/>
  <testcase classname="loginTc_Jxl.Login_Jxl" name="loginCredential" time="14.318"/>
  <system-out/>
  <testcase classname="loginTc_Jxl.Login_Jxl" name="loginCredential" time="30.570"/>
  <system-out/>
  <testcase classname="loginTc_Jxl.Login_Jxl" name="loginCredential" time="11.684"/>
  <system-out/>
</testsuite> <!-- loginTc_Jxl.Login_Jxl -->
